<?xml version="1.0" encoding="UTF-8"?>
<testng-results ignored="0" total="2" passed="2" failed="0" skipped="0">
  <reporter-output>
  </reporter-output>
  <suite started-at="2024-01-02T18:21:16 IST" name="Default suite" finished-at="2024-01-02T18:21:16 IST" duration-ms="58">
    <groups>
    </groups>
    <test started-at="2024-01-02T18:21:16 IST" name="Default test" finished-at="2024-01-02T18:21:16 IST" duration-ms="58">
      <class name="automationpackage.TestNG1">
        <test-method is-config="true" signature="c()[pri:0, instance:automationpackage.TestNG1@53fdffa1]" started-at="2024-01-02T18:21:16 IST" name="c" finished-at="2024-01-02T18:21:16 IST" duration-ms="6" status="PASS">
          <reporter-output>
          </reporter-output>
        </test-method> <!-- c -->
        <test-method is-config="true" signature="b()[pri:0, instance:automationpackage.TestNG1@53fdffa1]" started-at="2024-01-02T18:21:16 IST" name="b" finished-at="2024-01-02T18:21:16 IST" duration-ms="1" status="PASS">
          <reporter-output>
          </reporter-output>
        </test-method> <!-- b -->
        <test-method is-config="true" signature="d()[pri:0, instance:automationpackage.TestNG1@53fdffa1]" started-at="2024-01-02T18:21:16 IST" name="d" finished-at="2024-01-02T18:21:16 IST" duration-ms="1" status="PASS">
          <reporter-output>
          </reporter-output>
        </test-method> <!-- d -->
        <test-method is-config="true" signature="e()[pri:0, instance:automationpackage.TestNG1@53fdffa1]" started-at="2024-01-02T18:21:16 IST" name="e" finished-at="2024-01-02T18:21:16 IST" duration-ms="0" status="PASS">
          <reporter-output>
          </reporter-output>
        </test-method> <!-- e -->
        <test-method signature="testagain()[pri:-10, instance:automationpackage.TestNG1@53fdffa1]" started-at="2024-01-02T18:21:16 IST" name="testagain" finished-at="2024-01-02T18:21:16 IST" duration-ms="6" status="PASS">
          <reporter-output>
          </reporter-output>
        </test-method> <!-- testagain -->
        <test-method is-config="true" signature="aftermethod()[pri:0, instance:automationpackage.TestNG1@53fdffa1]" started-at="2024-01-02T18:21:16 IST" name="aftermethod" finished-at="2024-01-02T18:21:16 IST" duration-ms="0" status="PASS">
          <reporter-output>
          </reporter-output>
        </test-method> <!-- aftermethod -->
        <test-method is-config="true" signature="e()[pri:0, instance:automationpackage.TestNG1@53fdffa1]" started-at="2024-01-02T18:21:16 IST" name="e" finished-at="2024-01-02T18:21:16 IST" duration-ms="1" status="PASS">
          <reporter-output>
          </reporter-output>
        </test-method> <!-- e -->
        <test-method signature="a()[pri:0, instance:automationpackage.TestNG1@53fdffa1]" started-at="2024-01-02T18:21:16 IST" name="a" finished-at="2024-01-02T18:21:16 IST" duration-ms="1" status="PASS">
          <reporter-output>
          </reporter-output>
        </test-method> <!-- a -->
        <test-method is-config="true" signature="aftermethod()[pri:0, instance:automationpackage.TestNG1@53fdffa1]" started-at="2024-01-02T18:21:16 IST" name="aftermethod" finished-at="2024-01-02T18:21:16 IST" duration-ms="0" status="PASS">
          <reporter-output>
          </reporter-output>
        </test-method> <!-- aftermethod -->
        <test-method is-config="true" signature="afterclass()[pri:0, instance:automationpackage.TestNG1@53fdffa1]" started-at="2024-01-02T18:21:16 IST" name="afterclass" finished-at="2024-01-02T18:21:16 IST" duration-ms="6" status="PASS">
          <reporter-output>
          </reporter-output>
        </test-method> <!-- afterclass -->
        <test-method is-config="true" signature="aftertest()[pri:0, instance:automationpackage.TestNG1@53fdffa1]" started-at="2024-01-02T18:21:16 IST" name="aftertest" finished-at="2024-01-02T18:21:16 IST" duration-ms="0" status="PASS">
          <reporter-output>
          </reporter-output>
        </test-method> <!-- aftertest -->
        <test-method is-config="true" signature="aftersuite()[pri:0, instance:automationpackage.TestNG1@53fdffa1]" started-at="2024-01-02T18:21:16 IST" name="aftersuite" finished-at="2024-01-02T18:21:16 IST" duration-ms="0" status="PASS">
          <reporter-output>
          </reporter-output>
        </test-method> <!-- aftersuite -->
      </class> <!-- automationpackage.TestNG1 -->
    </test> <!-- Default test -->
  </suite> <!-- Default suite -->
</testng-results>
